2020-11-10 14:07:50,134 removed tail words
2020-11-10 14:07:50,134 word tokenization completed
2020-11-10 14:07:50,143 pattern finding
2020-11-10 14:07:50,143 pattern matching
2020-11-10 14:07:50,218 spell checking and correction
2020-11-10 14:07:50,218 removed tail words
2020-11-10 14:07:50,218 word tokenization completed
2020-11-10 14:07:50,227 pattern finding
2020-11-10 14:07:50,514 spell checking and correction
2020-11-10 14:07:50,514 removed tail words
2020-11-10 14:07:50,514 word tokenization completed
2020-11-10 14:07:50,522 pattern finding
2020-11-10 14:07:50,523 pattern matching
2020-11-10 14:07:50,580 spell checking and correction
2020-11-10 14:07:50,581 removed tail words
2020-11-10 14:07:50,581 word tokenization completed
2020-11-10 14:07:50,589 pattern finding
2020-11-10 14:07:51,333 spell checking and correction
2020-11-10 14:07:51,334 removed tail words
2020-11-10 14:07:51,334 word tokenization completed
2020-11-10 14:07:51,345 pattern finding
2020-11-10 14:07:51,948 spell checking and correction
2020-11-10 14:07:51,949 removed tail words
2020-11-10 14:07:51,950 word tokenization completed
2020-11-10 14:07:51,958 pattern finding
2020-11-10 14:07:52,015 spell checking and correction
2020-11-10 14:07:52,015 removed tail words
2020-11-10 14:07:52,015 word tokenization completed
2020-11-10 14:07:52,024 pattern finding
2020-11-10 14:07:52,081 spell checking and correction
2020-11-10 14:07:52,090 pattern finding
2020-11-10 14:07:52,552 spell checking and correction
2020-11-10 14:07:52,561 pattern finding
2020-11-10 14:07:52,750 spell checking and correction
2020-11-10 14:07:52,750 removed tail words
2020-11-10 14:07:52,750 word tokenization completed
2020-11-10 14:07:52,758 pattern finding
2020-11-10 14:07:53,151 spell checking and correction
2020-11-10 14:07:53,151 removed tail words
2020-11-10 14:07:53,151 word tokenization completed
2020-11-10 14:07:53,159 pattern finding
2020-11-10 14:07:53,160 pattern matching
2020-11-10 14:07:53,223 spell checking and correction
2020-11-10 14:07:53,223 removed tail words
2020-11-10 14:07:53,223 word tokenization completed
2020-11-10 14:07:53,232 pattern finding
2020-11-10 14:07:53,478 spell checking and correction
2020-11-10 14:07:53,487 pattern finding
2020-11-10 14:07:53,507 pattern matching
2020-11-10 14:07:53,562 spell checking and correction
2020-11-10 14:07:53,563 removed tail words
2020-11-10 14:07:53,563 word tokenization completed
2020-11-10 14:07:53,571 pattern finding
2020-11-10 14:07:53,571 pattern matching
2020-11-10 14:07:53,628 spell checking and correction
2020-11-10 14:07:53,628 removed tail words
2020-11-10 14:07:53,628 word tokenization completed
2020-11-10 14:07:53,636 pattern finding
2020-11-10 14:07:53,637 pattern matching
2020-11-10 14:07:53,693 spell checking and correction
2020-11-10 14:07:53,693 removed tail words
2020-11-10 14:07:53,693 word tokenization completed
2020-11-10 14:07:53,701 pattern finding
2020-11-10 14:07:53,701 pattern matching
2020-11-10 14:07:53,757 spell checking and correction
2020-11-10 14:07:53,757 removed tail words
2020-11-10 14:07:53,757 word tokenization completed
2020-11-10 14:07:53,766 pattern finding
2020-11-10 14:07:53,766 pattern matching
2020-11-10 14:07:53,823 spell checking and correction
2020-11-10 14:07:53,831 pattern finding
2020-11-10 14:07:53,842 pattern matching
2020-11-10 14:07:53,898 spell checking and correction
2020-11-10 14:07:53,898 removed tail words
2020-11-10 14:07:53,898 word tokenization completed
2020-11-10 14:07:53,906 pattern finding
2020-11-10 14:07:54,250 spell checking and correction
2020-11-10 14:07:54,250 removed tail words
2020-11-10 14:07:54,250 word tokenization completed
2020-11-10 14:07:54,259 pattern finding
2020-11-10 14:07:54,316 spell checking and correction
2020-11-10 14:07:54,317 removed tail words
2020-11-10 14:07:54,317 word tokenization completed
2020-11-10 14:07:54,325 pattern finding
2020-11-10 14:07:54,382 spell checking and correction
2020-11-10 14:07:54,383 removed tail words
2020-11-10 14:07:54,383 word tokenization completed
2020-11-10 14:07:54,393 pattern finding
2020-11-10 14:07:54,452 spell checking and correction
2020-11-10 14:07:54,452 removed tail words
2020-11-10 14:07:54,453 word tokenization completed
2020-11-10 14:07:54,461 pattern finding
2020-11-10 14:07:54,525 spell checking and correction
2020-11-10 14:07:54,525 removed tail words
2020-11-10 14:07:54,526 word tokenization completed
2020-11-10 14:07:54,536 pattern finding
2020-11-10 14:07:54,541 pattern matching
2020-11-10 14:07:54,599 spell checking and correction
2020-11-10 14:07:54,599 removed tail words
2020-11-10 14:07:54,599 word tokenization completed
2020-11-10 14:07:54,608 pattern finding
2020-11-10 14:07:54,669 spell checking and correction
2020-11-10 14:07:54,669 removed tail words
2020-11-10 14:07:54,669 word tokenization completed
2020-11-10 14:07:54,677 pattern finding
2020-11-10 14:07:54,678 pattern matching
2020-11-10 14:07:54,733 spell checking and correction
2020-11-10 14:07:54,743 pattern finding
2020-11-10 14:07:54,928 spell checking and correction
2020-11-10 14:07:54,929 removed tail words
2020-11-10 14:07:54,929 word tokenization completed
2020-11-10 14:07:54,938 pattern finding
2020-11-10 14:07:54,997 spell checking and correction
2020-11-10 14:07:54,997 removed tail words
2020-11-10 14:07:54,997 word tokenization completed
2020-11-10 14:07:55,008 pattern finding
2020-11-10 14:07:55,009 pattern matching
2020-11-10 14:07:55,067 spell checking and correction
2020-11-10 14:07:55,067 removed tail words
2020-11-10 14:07:55,068 word tokenization completed
2020-11-10 14:07:55,076 pattern finding
2020-11-10 14:07:55,076 pattern matching
2020-11-10 14:07:55,076 removed tail words
2020-11-10 14:07:55,076 word tokenization completed
2020-11-10 14:07:55,084 pattern finding
2020-11-10 14:07:55,084 pattern matching
2020-11-10 14:07:55,141 spell checking and correction
2020-11-10 14:07:55,141 removed tail words
2020-11-10 14:07:55,141 word tokenization completed
2020-11-10 14:07:55,150 pattern finding
2020-11-10 14:07:55,210 spell checking and correction
2020-11-10 14:07:55,210 removed tail words
2020-11-10 14:07:55,210 word tokenization completed
2020-11-10 14:07:55,219 pattern finding
2020-11-10 14:07:55,219 pattern matching
2020-11-10 14:07:55,282 spell checking and correction
2020-11-10 14:07:55,282 removed tail words
2020-11-10 14:07:55,282 word tokenization completed
2020-11-10 14:07:55,290 pattern finding
2020-11-10 14:07:55,759 spell checking and correction
2020-11-10 14:07:55,759 removed tail words
2020-11-10 14:07:55,760 word tokenization completed
2020-11-10 14:07:55,767 pattern finding
2020-11-10 14:07:56,101 spell checking and correction
2020-11-10 14:07:56,101 removed tail words
2020-11-10 14:07:56,101 word tokenization completed
2020-11-10 14:07:56,110 pattern finding
2020-11-10 14:07:56,167 spell checking and correction
2020-11-10 14:07:56,167 removed tail words
2020-11-10 14:07:56,168 word tokenization completed
2020-11-10 14:07:56,175 pattern finding
2020-11-10 14:07:56,863 spell checking and correction
2020-11-10 14:07:56,863 removed tail words
2020-11-10 14:07:56,863 word tokenization completed
2020-11-10 14:07:56,871 pattern finding
2020-11-10 14:07:56,871 pattern matching
2020-11-10 14:07:56,929 spell checking and correction
2020-11-10 14:07:56,929 removed tail words
2020-11-10 14:07:56,929 word tokenization completed
2020-11-10 14:07:56,937 pattern finding
2020-11-10 14:07:57,826 spell checking and correction
2020-11-10 14:07:57,826 removed tail words
2020-11-10 14:07:57,826 word tokenization completed
2020-11-10 14:07:57,835 pattern finding
2020-11-10 14:07:57,835 pattern matching
2020-11-10 14:07:57,893 spell checking and correction
2020-11-10 14:07:57,894 removed tail words
2020-11-10 14:07:57,894 word tokenization completed
2020-11-10 14:07:57,902 pattern finding
2020-11-10 14:07:57,960 spell checking and correction
2020-11-10 14:07:57,960 removed tail words
2020-11-10 14:07:57,960 word tokenization completed
2020-11-10 14:07:57,969 pattern finding
2020-11-10 14:07:58,710 spell checking and correction
2020-11-10 14:07:58,710 removed tail words
2020-11-10 14:07:58,711 word tokenization completed
2020-11-10 14:07:58,719 pattern finding
2020-11-10 14:07:59,170 spell checking and correction
2020-11-10 14:07:59,170 removed tail words
2020-11-10 14:07:59,170 word tokenization completed
2020-11-10 14:07:59,179 pattern finding
2020-11-10 14:07:59,180 pattern matching
2020-11-10 14:07:59,237 spell checking and correction
2020-11-10 14:07:59,237 removed tail words
2020-11-10 14:07:59,237 word tokenization completed
2020-11-10 14:07:59,246 pattern finding
2020-11-10 14:07:59,246 pattern matching
2020-11-10 14:07:59,310 spell checking and correction
2020-11-10 14:07:59,310 removed tail words
2020-11-10 14:07:59,310 word tokenization completed
2020-11-10 14:07:59,319 pattern finding
2020-11-10 14:07:59,377 spell checking and correction
2020-11-10 14:07:59,378 removed tail words
2020-11-10 14:07:59,378 word tokenization completed
2020-11-10 14:07:59,387 pattern finding
2020-11-10 14:07:59,387 pattern matching
2020-11-10 14:07:59,452 spell checking and correction
2020-11-10 14:07:59,452 removed tail words
2020-11-10 14:07:59,452 word tokenization completed
2020-11-10 14:07:59,460 pattern finding
2020-11-10 14:08:00,346 spell checking and correction
2020-11-10 14:08:00,346 removed tail words
2020-11-10 14:08:00,347 word tokenization completed
2020-11-10 14:08:00,355 pattern finding
2020-11-10 14:08:00,586 spell checking and correction
2020-11-10 14:08:00,586 removed tail words
2020-11-10 14:08:00,586 word tokenization completed
2020-11-10 14:08:00,594 pattern finding
2020-11-10 14:08:01,042 spell checking and correction
2020-11-10 14:08:01,042 removed tail words
2020-11-10 14:08:01,042 word tokenization completed
2020-11-10 14:08:01,050 pattern finding
2020-11-10 14:08:01,625 spell checking and correction
2020-11-10 14:08:01,634 pattern finding
2020-11-10 14:08:01,960 spell checking and correction
2020-11-10 14:08:01,960 removed tail words
2020-11-10 14:08:01,960 word tokenization completed
2020-11-10 14:08:01,968 pattern finding
2020-11-10 14:08:02,430 spell checking and correction
2020-11-10 14:08:02,431 removed tail words
2020-11-10 14:08:02,431 word tokenization completed
2020-11-10 14:08:02,439 pattern finding
2020-11-10 14:08:02,889 spell checking and correction
2020-11-10 14:08:02,889 removed tail words
2020-11-10 14:08:02,889 word tokenization completed
2020-11-10 14:08:02,898 pattern finding
2020-11-10 14:08:02,898 pattern matching
2020-11-10 14:08:02,956 spell checking and correction
2020-11-10 14:08:02,956 removed tail words
2020-11-10 14:08:02,956 word tokenization completed
2020-11-10 14:08:02,965 pattern finding
2020-11-10 14:08:02,965 pattern matching
2020-11-10 14:08:03,021 spell checking and correction
2020-11-10 14:08:03,021 removed tail words
2020-11-10 14:08:03,022 word tokenization completed
2020-11-10 14:08:03,030 pattern finding
2020-11-10 14:08:03,223 spell checking and correction
2020-11-10 14:08:03,223 removed tail words
2020-11-10 14:08:03,223 word tokenization completed
2020-11-10 14:08:03,232 pattern finding
2020-11-10 14:08:03,290 spell checking and correction
2020-11-10 14:08:03,290 removed tail words
2020-11-10 14:08:03,290 word tokenization completed
2020-11-10 14:08:03,298 pattern finding
2020-11-10 14:08:03,873 spell checking and correction
2020-11-10 14:08:03,881 pattern finding
2020-11-10 14:08:03,938 spell checking and correction
2020-11-10 14:08:03,938 removed tail words
2020-11-10 14:08:03,938 word tokenization completed
2020-11-10 14:08:03,947 pattern finding
2020-11-10 14:08:04,007 spell checking and correction
2020-11-10 14:08:04,007 removed tail words
2020-11-10 14:08:04,007 word tokenization completed
2020-11-10 14:08:04,016 pattern finding
2020-11-10 14:08:04,073 spell checking and correction
2020-11-10 14:08:04,082 pattern finding
2020-11-10 14:08:04,082 pattern matching
2020-11-10 14:08:04,139 spell checking and correction
2020-11-10 14:08:04,140 removed tail words
2020-11-10 14:08:04,140 word tokenization completed
2020-11-10 14:08:04,148 pattern finding
2020-11-10 14:08:04,610 spell checking and correction
2020-11-10 14:08:04,610 removed tail words
2020-11-10 14:08:04,610 word tokenization completed
2020-11-10 14:08:04,619 pattern finding
2020-11-10 14:08:05,335 spell checking and correction
2020-11-10 14:08:05,335 removed tail words
2020-11-10 14:08:05,335 word tokenization completed
2020-11-10 14:08:05,343 pattern finding
2020-11-10 14:08:05,407 spell checking and correction
2020-11-10 14:08:05,415 pattern finding
2020-11-10 14:08:05,654 spell checking and correction
2020-11-10 14:08:05,654 removed tail words
2020-11-10 14:08:05,654 word tokenization completed
2020-11-10 14:08:05,663 pattern finding
2020-11-10 14:08:05,719 spell checking and correction
2020-11-10 14:08:05,720 removed tail words
2020-11-10 14:08:05,720 word tokenization completed
2020-11-10 14:08:05,727 pattern finding
2020-11-10 14:08:06,340 spell checking and correction
2020-11-10 14:08:06,340 removed tail words
2020-11-10 14:08:06,340 word tokenization completed
2020-11-10 14:08:06,348 pattern finding
2020-11-10 14:08:06,412 spell checking and correction
2020-11-10 14:08:06,412 removed tail words
2020-11-10 14:08:06,412 word tokenization completed
2020-11-10 14:08:06,421 pattern finding
2020-11-10 14:08:06,705 spell checking and correction
2020-11-10 14:08:06,713 pattern finding
2020-11-10 14:08:06,865 spell checking and correction
2020-11-10 14:08:06,866 removed tail words
2020-11-10 14:08:06,867 word tokenization completed
2020-11-10 14:08:06,876 pattern finding
2020-11-10 14:08:07,476 spell checking and correction
2020-11-10 14:08:07,476 removed tail words
2020-11-10 14:08:07,476 word tokenization completed
2020-11-10 14:08:07,484 pattern finding
2020-11-10 14:08:08,206 spell checking and correction
2020-11-10 14:08:08,206 removed tail words
2020-11-10 14:08:08,206 word tokenization completed
2020-11-10 14:08:08,214 pattern finding
2020-11-10 14:08:08,502 spell checking and correction
2020-11-10 14:08:08,502 removed tail words
2020-11-10 14:08:08,502 word tokenization completed
2020-11-10 14:08:08,510 pattern finding
2020-11-10 14:08:08,698 spell checking and correction
2020-11-10 14:08:08,706 pattern finding
2020-11-10 14:08:08,883 spell checking and correction
2020-11-10 14:08:08,883 removed tail words
2020-11-10 14:08:08,883 word tokenization completed
2020-11-10 14:08:08,892 pattern finding
2020-11-10 14:08:09,291 spell checking and correction
2020-11-10 14:08:09,291 removed tail words
2020-11-10 14:08:09,291 word tokenization completed
2020-11-10 14:08:09,299 pattern finding
2020-11-10 14:08:09,299 pattern matching
2020-11-10 14:08:09,356 spell checking and correction
2020-11-10 14:08:09,357 removed tail words
2020-11-10 14:08:09,357 word tokenization completed
2020-11-10 14:08:09,365 pattern finding
2020-11-10 14:08:09,365 pattern matching
2020-11-10 14:08:09,429 spell checking and correction
2020-11-10 14:08:09,429 removed tail words
2020-11-10 14:08:09,429 word tokenization completed
2020-11-10 14:08:09,437 pattern finding
2020-11-10 14:08:10,017 spell checking and correction
2020-11-10 14:08:10,017 removed tail words
2020-11-10 14:08:10,017 word tokenization completed
2020-11-10 14:08:10,025 pattern finding
2020-11-10 14:08:10,610 spell checking and correction
2020-11-10 14:08:10,610 removed tail words
2020-11-10 14:08:10,610 word tokenization completed
2020-11-10 14:08:10,618 pattern finding
2020-11-10 14:08:11,163 spell checking and correction
2020-11-10 14:08:11,164 removed tail words
2020-11-10 14:08:11,164 word tokenization completed
2020-11-10 14:08:11,172 pattern finding
2020-11-10 14:08:11,361 spell checking and correction
2020-11-10 14:08:11,361 removed tail words
2020-11-10 14:08:11,361 word tokenization completed
2020-11-10 14:08:11,370 pattern finding
2020-11-10 14:08:11,370 pattern matching
2020-11-10 14:08:11,427 spell checking and correction
2020-11-10 14:08:11,427 removed tail words
2020-11-10 14:08:11,427 word tokenization completed
2020-11-10 14:08:11,437 pattern finding
2020-11-10 14:08:11,499 spell checking and correction
2020-11-10 14:08:11,499 removed tail words
2020-11-10 14:08:11,499 word tokenization completed
2020-11-10 14:08:11,509 pattern finding
2020-11-10 14:08:11,567 spell checking and correction
2020-11-10 14:08:11,567 removed tail words
2020-11-10 14:08:11,567 word tokenization completed
2020-11-10 14:08:11,575 pattern finding
2020-11-10 14:08:11,576 pattern matching
2020-11-10 14:08:11,632 spell checking and correction
2020-11-10 14:08:11,632 removed tail words
2020-11-10 14:08:11,632 word tokenization completed
2020-11-10 14:08:11,640 pattern finding
2020-11-10 14:08:11,641 pattern matching
2020-11-10 14:08:11,698 spell checking and correction
2020-11-10 14:08:11,699 removed tail words
2020-11-10 14:08:11,699 word tokenization completed
2020-11-10 14:08:11,707 pattern finding
2020-11-10 14:08:11,765 spell checking and correction
2020-11-10 14:08:11,765 removed tail words
2020-11-10 14:08:11,765 word tokenization completed
2020-11-10 14:08:11,773 pattern finding
2020-11-10 14:08:12,232 spell checking and correction
2020-11-10 14:08:12,232 removed tail words
2020-11-10 14:08:12,232 word tokenization completed
2020-11-10 14:08:12,241 pattern finding
2020-11-10 14:08:12,583 spell checking and correction
2020-11-10 14:10:55,558 removed tail words
2020-11-10 14:10:55,558 word tokenization completed
2020-11-10 14:10:55,567 pattern finding
2020-11-10 14:10:55,567 pattern matching
2020-11-10 14:10:55,623 spell checking and correction
2020-11-10 14:10:55,624 removed tail words
2020-11-10 14:10:55,624 word tokenization completed
2020-11-10 14:10:55,633 pattern finding
2020-11-10 14:10:55,914 spell checking and correction
2020-11-10 14:10:55,914 removed tail words
2020-11-10 14:10:55,914 word tokenization completed
2020-11-10 14:10:55,922 pattern finding
2020-11-10 14:10:55,922 pattern matching
2020-11-10 14:10:55,983 spell checking and correction
2020-11-10 14:10:55,984 removed tail words
2020-11-10 14:10:55,984 word tokenization completed
2020-11-10 14:10:55,992 pattern finding
2020-11-10 14:10:56,734 spell checking and correction
2020-11-10 14:10:56,734 removed tail words
2020-11-10 14:10:56,734 word tokenization completed
2020-11-10 14:10:56,743 pattern finding
2020-11-10 14:10:57,351 spell checking and correction
2020-11-10 14:10:57,352 removed tail words
2020-11-10 14:10:57,352 word tokenization completed
2020-11-10 14:10:57,361 pattern finding
2020-11-10 14:10:57,420 spell checking and correction
2020-11-10 14:10:57,420 removed tail words
2020-11-10 14:10:57,420 word tokenization completed
2020-11-10 14:10:57,429 pattern finding
2020-11-10 14:10:57,489 spell checking and correction
2020-11-10 14:10:57,499 pattern finding
2020-11-10 14:10:57,994 spell checking and correction
2020-11-10 14:10:58,003 pattern finding
2020-11-10 14:10:58,195 spell checking and correction
2020-11-10 14:10:58,195 removed tail words
2020-11-10 14:10:58,195 word tokenization completed
2020-11-10 14:10:58,204 pattern finding
2020-11-10 14:10:58,598 spell checking and correction
2020-11-10 14:10:58,598 removed tail words
2020-11-10 14:10:58,598 word tokenization completed
2020-11-10 14:10:58,606 pattern finding
2020-11-10 14:10:58,606 pattern matching
2020-11-10 14:10:58,663 spell checking and correction
2020-11-10 14:10:58,663 removed tail words
2020-11-10 14:10:58,664 word tokenization completed
2020-11-10 14:10:58,672 pattern finding
2020-11-10 14:10:58,941 spell checking and correction
2020-11-10 14:10:58,957 pattern finding
2020-11-10 14:10:58,980 pattern matching
2020-11-10 14:10:59,045 spell checking and correction
2020-11-10 14:10:59,046 removed tail words
2020-11-10 14:10:59,046 word tokenization completed
2020-11-10 14:10:59,054 pattern finding
2020-11-10 14:10:59,054 pattern matching
2020-11-10 14:10:59,112 spell checking and correction
2020-11-10 14:10:59,112 removed tail words
2020-11-10 14:10:59,112 word tokenization completed
2020-11-10 14:10:59,120 pattern finding
2020-11-10 14:10:59,121 pattern matching
2020-11-10 14:10:59,178 spell checking and correction
2020-11-10 14:10:59,178 removed tail words
2020-11-10 14:10:59,178 word tokenization completed
2020-11-10 14:10:59,186 pattern finding
2020-11-10 14:10:59,187 pattern matching
2020-11-10 14:10:59,246 spell checking and correction
2020-11-10 14:10:59,246 removed tail words
2020-11-10 14:10:59,246 word tokenization completed
2020-11-10 14:10:59,255 pattern finding
2020-11-10 14:10:59,255 pattern matching
2020-11-10 14:10:59,313 spell checking and correction
2020-11-10 14:10:59,322 pattern finding
2020-11-10 14:10:59,333 pattern matching
2020-11-10 14:10:59,389 spell checking and correction
2020-11-10 14:10:59,390 removed tail words
2020-11-10 14:10:59,390 word tokenization completed
2020-11-10 14:10:59,398 pattern finding
2020-11-10 14:10:59,742 spell checking and correction
2020-11-10 14:10:59,742 removed tail words
2020-11-10 14:10:59,742 word tokenization completed
2020-11-10 14:10:59,751 pattern finding
2020-11-10 14:10:59,809 spell checking and correction
2020-11-10 14:10:59,809 removed tail words
2020-11-10 14:10:59,809 word tokenization completed
2020-11-10 14:10:59,818 pattern finding
2020-11-10 14:10:59,875 spell checking and correction
2020-11-10 14:10:59,876 removed tail words
2020-11-10 14:10:59,876 word tokenization completed
2020-11-10 14:10:59,885 pattern finding
2020-11-10 14:10:59,943 spell checking and correction
2020-11-10 14:10:59,943 removed tail words
2020-11-10 14:10:59,943 word tokenization completed
2020-11-10 14:10:59,951 pattern finding
2020-11-10 14:11:00,019 spell checking and correction
2020-11-10 14:11:00,020 removed tail words
2020-11-10 14:11:00,020 word tokenization completed
2020-11-10 14:11:00,030 pattern finding
2020-11-10 14:11:00,035 pattern matching
2020-11-10 14:11:00,092 spell checking and correction
2020-11-10 14:11:00,092 removed tail words
2020-11-10 14:11:00,092 word tokenization completed
2020-11-10 14:11:00,101 pattern finding
2020-11-10 14:11:00,159 spell checking and correction
2020-11-10 14:11:00,159 removed tail words
2020-11-10 14:11:00,159 word tokenization completed
2020-11-10 14:11:00,168 pattern finding
2020-11-10 14:11:00,168 pattern matching
2020-11-10 14:11:00,225 spell checking and correction
2020-11-10 14:11:00,225 removed tail words
2020-11-10 14:11:00,225 word tokenization completed
2020-11-10 14:11:00,235 pattern finding
2020-11-10 14:11:00,294 spell checking and correction
2020-11-10 14:11:00,294 removed tail words
2020-11-10 14:11:00,294 word tokenization completed
2020-11-10 14:11:00,303 pattern finding
2020-11-10 14:11:00,303 pattern matching
2020-11-10 14:11:00,362 spell checking and correction
2020-11-10 14:11:00,362 removed tail words
2020-11-10 14:11:00,362 word tokenization completed
2020-11-10 14:11:00,371 pattern finding
2020-11-10 14:11:00,428 spell checking and correction
2020-11-10 14:11:00,428 removed tail words
2020-11-10 14:11:00,428 word tokenization completed
2020-11-10 14:11:00,437 pattern finding
2020-11-10 14:11:00,437 pattern matching
2020-11-10 14:11:00,494 spell checking and correction
2020-11-10 14:11:00,494 removed tail words
2020-11-10 14:11:00,494 word tokenization completed
2020-11-10 14:11:00,503 pattern finding
2020-11-10 14:11:00,503 pattern matching
2020-11-10 14:11:00,503 removed tail words
2020-11-10 14:11:00,503 word tokenization completed
2020-11-10 14:11:00,511 pattern finding
2020-11-10 14:11:00,511 pattern matching
2020-11-10 14:11:00,567 spell checking and correction
2020-11-10 14:11:00,567 removed tail words
2020-11-10 14:11:00,567 word tokenization completed
2020-11-10 14:11:00,576 pattern finding
2020-11-10 14:11:00,637 spell checking and correction
2020-11-10 14:11:00,638 removed tail words
2020-11-10 14:11:00,638 word tokenization completed
2020-11-10 14:11:00,647 pattern finding
2020-11-10 14:11:00,648 pattern matching
2020-11-10 14:11:00,704 spell checking and correction
2020-11-10 14:11:00,704 removed tail words
2020-11-10 14:11:00,704 word tokenization completed
2020-11-10 14:11:00,712 pattern finding
2020-11-10 14:11:01,201 spell checking and correction
2020-11-10 14:11:01,201 removed tail words
2020-11-10 14:11:01,201 word tokenization completed
2020-11-10 14:11:01,210 pattern finding
2020-11-10 14:11:01,553 spell checking and correction
2020-11-10 14:11:01,553 removed tail words
2020-11-10 14:11:01,553 word tokenization completed
2020-11-10 14:11:01,562 pattern finding
2020-11-10 14:11:01,619 spell checking and correction
2020-11-10 14:11:01,619 removed tail words
2020-11-10 14:11:01,619 word tokenization completed
2020-11-10 14:11:01,627 pattern finding
2020-11-10 14:11:02,336 spell checking and correction
2020-11-10 14:11:02,336 removed tail words
2020-11-10 14:11:02,336 word tokenization completed
2020-11-10 14:11:02,345 pattern finding
2020-11-10 14:11:02,346 pattern matching
2020-11-10 14:11:02,404 spell checking and correction
2020-11-10 14:11:02,404 removed tail words
2020-11-10 14:11:02,404 word tokenization completed
2020-11-10 14:11:02,413 pattern finding
2020-11-10 14:11:03,363 spell checking and correction
2020-11-10 14:11:03,363 removed tail words
2020-11-10 14:11:03,363 word tokenization completed
2020-11-10 14:11:03,373 pattern finding
2020-11-10 14:11:03,373 pattern matching
2020-11-10 14:11:03,432 spell checking and correction
2020-11-10 14:11:03,432 removed tail words
2020-11-10 14:11:03,432 word tokenization completed
2020-11-10 14:11:03,441 pattern finding
2020-11-10 14:11:03,499 spell checking and correction
2020-11-10 14:11:03,500 removed tail words
2020-11-10 14:11:03,500 word tokenization completed
2020-11-10 14:11:03,508 pattern finding
2020-11-10 14:11:04,240 spell checking and correction
2020-11-10 14:11:04,240 removed tail words
2020-11-10 14:11:04,240 word tokenization completed
2020-11-10 14:11:04,249 pattern finding
2020-11-10 14:11:04,703 spell checking and correction
2020-11-10 14:11:04,703 removed tail words
2020-11-10 14:11:04,704 word tokenization completed
2020-11-10 14:11:04,713 pattern finding
2020-11-10 14:11:04,713 pattern matching
2020-11-10 14:11:04,770 spell checking and correction
2020-11-10 14:11:04,770 removed tail words
2020-11-10 14:11:04,770 word tokenization completed
2020-11-10 14:11:04,779 pattern finding
2020-11-10 14:11:04,779 pattern matching
2020-11-10 14:11:04,836 spell checking and correction
2020-11-10 14:11:04,836 removed tail words
2020-11-10 14:11:04,836 word tokenization completed
2020-11-10 14:11:04,845 pattern finding
2020-11-10 14:11:04,903 spell checking and correction
2020-11-10 14:11:04,903 removed tail words
2020-11-10 14:11:04,903 word tokenization completed
2020-11-10 14:11:04,912 pattern finding
2020-11-10 14:11:04,913 pattern matching
2020-11-10 14:11:04,975 spell checking and correction
2020-11-10 14:11:04,975 removed tail words
2020-11-10 14:11:04,975 word tokenization completed
2020-11-10 14:11:04,984 pattern finding
2020-11-10 14:11:05,877 spell checking and correction
2020-11-10 14:11:05,877 removed tail words
2020-11-10 14:11:05,877 word tokenization completed
2020-11-10 14:11:05,886 pattern finding
2020-11-10 14:11:06,121 spell checking and correction
2020-11-10 14:11:06,121 removed tail words
2020-11-10 14:11:06,121 word tokenization completed
2020-11-10 14:11:06,129 pattern finding
2020-11-10 14:11:06,586 spell checking and correction
2020-11-10 14:11:06,586 removed tail words
2020-11-10 14:11:06,586 word tokenization completed
2020-11-10 14:11:06,595 pattern finding
2020-11-10 14:11:07,178 spell checking and correction
2020-11-10 14:11:07,187 pattern finding
2020-11-10 14:11:07,521 spell checking and correction
2020-11-10 14:11:07,522 removed tail words
2020-11-10 14:11:07,522 word tokenization completed
2020-11-10 14:11:07,530 pattern finding
2020-11-10 14:11:07,976 spell checking and correction
2020-11-10 14:11:07,977 removed tail words
2020-11-10 14:11:07,977 word tokenization completed
2020-11-10 14:11:07,985 pattern finding
2020-11-10 14:11:08,442 spell checking and correction
2020-11-10 14:11:08,442 removed tail words
2020-11-10 14:11:08,443 word tokenization completed
2020-11-10 14:11:08,452 pattern finding
2020-11-10 14:11:08,453 pattern matching
2020-11-10 14:11:08,510 spell checking and correction
2020-11-10 14:11:08,510 removed tail words
2020-11-10 14:11:08,510 word tokenization completed
2020-11-10 14:11:08,519 pattern finding
2020-11-10 14:11:08,520 pattern matching
2020-11-10 14:11:08,581 spell checking and correction
2020-11-10 14:11:08,581 removed tail words
2020-11-10 14:11:08,581 word tokenization completed
2020-11-10 14:11:08,589 pattern finding
2020-11-10 14:11:08,775 spell checking and correction
2020-11-10 14:11:08,776 removed tail words
2020-11-10 14:11:08,776 word tokenization completed
2020-11-10 14:11:08,784 pattern finding
2020-11-10 14:11:08,841 spell checking and correction
2020-11-10 14:11:08,841 removed tail words
2020-11-10 14:11:08,841 word tokenization completed
2020-11-10 14:11:08,850 pattern finding
2020-11-10 14:11:09,446 spell checking and correction
2020-11-10 14:11:09,460 pattern finding
2020-11-10 14:11:09,518 spell checking and correction
2020-11-10 14:11:09,518 removed tail words
2020-11-10 14:11:09,518 word tokenization completed
2020-11-10 14:11:09,527 pattern finding
2020-11-10 14:11:09,588 spell checking and correction
2020-11-10 14:11:09,589 removed tail words
2020-11-10 14:11:09,589 word tokenization completed
2020-11-10 14:11:09,597 pattern finding
2020-11-10 14:11:09,655 spell checking and correction
2020-11-10 14:11:09,664 pattern finding
2020-11-10 14:11:09,664 pattern matching
2020-11-10 14:11:09,721 spell checking and correction
2020-11-10 14:11:09,722 removed tail words
2020-11-10 14:11:09,722 word tokenization completed
2020-11-10 14:11:09,730 pattern finding
2020-11-10 14:11:10,190 spell checking and correction
2020-11-10 14:11:10,191 removed tail words
2020-11-10 14:11:10,191 word tokenization completed
2020-11-10 14:11:10,200 pattern finding
2020-11-10 14:11:10,924 spell checking and correction
2020-11-10 14:11:10,925 removed tail words
2020-11-10 14:11:10,925 word tokenization completed
2020-11-10 14:11:10,933 pattern finding
2020-11-10 14:11:10,991 spell checking and correction
2020-11-10 14:11:11,000 pattern finding
2020-11-10 14:11:11,262 spell checking and correction
2020-11-10 14:11:11,262 removed tail words
2020-11-10 14:11:11,262 word tokenization completed
2020-11-10 14:11:11,271 pattern finding
2020-11-10 14:11:11,331 spell checking and correction
2020-11-10 14:11:11,331 removed tail words
2020-11-10 14:11:11,331 word tokenization completed
2020-11-10 14:11:11,339 pattern finding
2020-11-10 14:11:11,952 spell checking and correction
2020-11-10 14:11:11,952 removed tail words
2020-11-10 14:11:11,952 word tokenization completed
2020-11-10 14:11:11,961 pattern finding
2020-11-10 14:11:12,019 spell checking and correction
2020-11-10 14:11:12,019 removed tail words
2020-11-10 14:11:12,019 word tokenization completed
2020-11-10 14:11:12,028 pattern finding
2020-11-10 14:11:12,315 spell checking and correction
2020-11-10 14:11:12,323 pattern finding
2020-11-10 14:11:12,473 spell checking and correction
2020-11-10 14:11:12,474 removed tail words
2020-11-10 14:11:12,474 word tokenization completed
2020-11-10 14:11:12,484 pattern finding
2020-11-10 14:11:13,090 spell checking and correction
2020-11-10 14:11:13,090 removed tail words
2020-11-10 14:11:13,091 word tokenization completed
2020-11-10 14:11:13,099 pattern finding
2020-11-10 14:11:13,863 spell checking and correction
2020-11-10 14:11:13,863 removed tail words
2020-11-10 14:11:13,863 word tokenization completed
2020-11-10 14:11:13,872 pattern finding
2020-11-10 14:11:14,162 spell checking and correction
2020-11-10 14:11:14,163 removed tail words
2020-11-10 14:11:14,163 word tokenization completed
2020-11-10 14:11:14,171 pattern finding
2020-11-10 14:11:14,365 spell checking and correction
2020-11-10 14:11:14,374 pattern finding
2020-11-10 14:11:14,560 spell checking and correction
2020-11-10 14:11:14,560 removed tail words
2020-11-10 14:11:14,560 word tokenization completed
2020-11-10 14:11:14,569 pattern finding
2020-11-10 14:11:14,956 spell checking and correction
2020-11-10 14:11:14,956 removed tail words
2020-11-10 14:11:14,956 word tokenization completed
2020-11-10 14:11:14,965 pattern finding
2020-11-10 14:11:14,965 pattern matching
2020-11-10 14:11:15,021 spell checking and correction
2020-11-10 14:11:15,021 removed tail words
2020-11-10 14:11:15,021 word tokenization completed
2020-11-10 14:11:15,029 pattern finding
2020-11-10 14:11:15,030 pattern matching
2020-11-10 14:11:15,087 spell checking and correction
2020-11-10 14:11:15,087 removed tail words
2020-11-10 14:11:15,087 word tokenization completed
2020-11-10 14:11:15,095 pattern finding
2020-11-10 14:11:15,690 spell checking and correction
2020-11-10 14:11:15,690 removed tail words
2020-11-10 14:11:15,690 word tokenization completed
2020-11-10 14:11:15,699 pattern finding
2020-11-10 14:11:16,273 spell checking and correction
2020-11-10 14:11:16,273 removed tail words
2020-11-10 14:11:16,273 word tokenization completed
2020-11-10 14:11:16,281 pattern finding
2020-11-10 14:11:16,822 spell checking and correction
2020-11-10 14:11:16,822 removed tail words
2020-11-10 14:11:16,822 word tokenization completed
2020-11-10 14:11:16,831 pattern finding
2020-11-10 14:11:17,018 spell checking and correction
2020-11-10 14:11:17,018 removed tail words
2020-11-10 14:11:17,018 word tokenization completed
2020-11-10 14:11:17,027 pattern finding
2020-11-10 14:11:17,027 pattern matching
2020-11-10 14:11:17,086 spell checking and correction
2020-11-10 14:11:17,086 removed tail words
2020-11-10 14:11:17,086 word tokenization completed
2020-11-10 14:11:17,095 pattern finding
2020-11-10 14:11:17,152 spell checking and correction
2020-11-10 14:11:17,152 removed tail words
2020-11-10 14:11:17,152 word tokenization completed
2020-11-10 14:11:17,161 pattern finding
2020-11-10 14:11:17,220 spell checking and correction
2020-11-10 14:11:17,221 removed tail words
2020-11-10 14:11:17,221 word tokenization completed
2020-11-10 14:11:17,234 pattern finding
2020-11-10 14:11:17,235 pattern matching
2020-11-10 14:11:17,291 spell checking and correction
2020-11-10 14:11:17,292 removed tail words
2020-11-10 14:11:17,292 word tokenization completed
2020-11-10 14:11:17,301 pattern finding
2020-11-10 14:11:17,301 pattern matching
2020-11-10 14:11:17,358 spell checking and correction
2020-11-10 14:11:17,358 removed tail words
2020-11-10 14:11:17,359 word tokenization completed
2020-11-10 14:11:17,367 pattern finding
2020-11-10 14:11:17,426 spell checking and correction
2020-11-10 14:11:17,426 removed tail words
2020-11-10 14:11:17,426 word tokenization completed
2020-11-10 14:11:17,435 pattern finding
2020-11-10 14:11:17,888 spell checking and correction
2020-11-10 14:11:17,888 removed tail words
2020-11-10 14:11:17,888 word tokenization completed
2020-11-10 14:11:17,896 pattern finding
2020-11-10 14:11:18,226 spell checking and correction
2020-11-10 14:11:57,219 removed tail words
2020-11-10 14:11:57,219 word tokenization completed
2020-11-10 14:11:57,228 pattern finding
2020-11-10 14:11:57,228 pattern matching
2020-11-10 14:11:57,286 spell checking and correction
2020-11-10 14:11:57,286 removed tail words
2020-11-10 14:11:57,286 word tokenization completed
2020-11-10 14:11:57,295 pattern finding
2020-11-10 14:11:57,577 spell checking and correction
2020-11-10 14:11:57,578 removed tail words
2020-11-10 14:11:57,578 word tokenization completed
2020-11-10 14:11:57,586 pattern finding
2020-11-10 14:11:57,586 pattern matching
2020-11-10 14:11:57,648 spell checking and correction
2020-11-10 14:11:57,648 removed tail words
2020-11-10 14:11:57,648 word tokenization completed
2020-11-10 14:11:57,657 pattern finding
2020-11-10 14:11:58,429 spell checking and correction
2020-11-10 14:11:58,430 removed tail words
2020-11-10 14:11:58,430 word tokenization completed
2020-11-10 14:11:58,439 pattern finding
2020-11-10 14:11:59,040 spell checking and correction
2020-11-10 14:11:59,041 removed tail words
2020-11-10 14:11:59,041 word tokenization completed
2020-11-10 14:11:59,050 pattern finding
2020-11-10 14:11:59,108 spell checking and correction
2020-11-10 14:11:59,108 removed tail words
2020-11-10 14:11:59,108 word tokenization completed
2020-11-10 14:11:59,119 pattern finding
2020-11-10 14:11:59,181 spell checking and correction
2020-11-10 14:11:59,190 pattern finding
2020-11-10 14:11:59,651 spell checking and correction
2020-11-10 14:11:59,661 pattern finding
2020-11-10 14:11:59,855 spell checking and correction
2020-11-10 14:11:59,855 removed tail words
2020-11-10 14:11:59,855 word tokenization completed
2020-11-10 14:11:59,864 pattern finding
2020-11-10 14:12:00,258 spell checking and correction
2020-11-10 14:12:00,258 removed tail words
2020-11-10 14:12:00,258 word tokenization completed
2020-11-10 14:12:00,266 pattern finding
2020-11-10 14:12:00,267 pattern matching
2020-11-10 14:12:00,324 spell checking and correction
2020-11-10 14:12:00,324 removed tail words
2020-11-10 14:12:00,324 word tokenization completed
2020-11-10 14:12:00,333 pattern finding
2020-11-10 14:12:00,582 spell checking and correction
2020-11-10 14:12:00,592 pattern finding
2020-11-10 14:12:00,612 pattern matching
2020-11-10 14:12:00,675 spell checking and correction
2020-11-10 14:12:00,676 removed tail words
2020-11-10 14:12:00,676 word tokenization completed
2020-11-10 14:12:00,684 pattern finding
2020-11-10 14:12:00,685 pattern matching
2020-11-10 14:12:00,741 spell checking and correction
2020-11-10 14:12:00,742 removed tail words
2020-11-10 14:12:00,742 word tokenization completed
2020-11-10 14:12:00,750 pattern finding
2020-11-10 14:12:00,750 pattern matching
2020-11-10 14:12:00,807 spell checking and correction
2020-11-10 14:12:00,807 removed tail words
2020-11-10 14:12:00,807 word tokenization completed
2020-11-10 14:12:00,815 pattern finding
2020-11-10 14:12:00,815 pattern matching
2020-11-10 14:12:00,872 spell checking and correction
2020-11-10 14:12:00,872 removed tail words
2020-11-10 14:12:00,872 word tokenization completed
2020-11-10 14:12:00,881 pattern finding
2020-11-10 14:12:00,882 pattern matching
2020-11-10 14:12:00,938 spell checking and correction
2020-11-10 14:12:00,947 pattern finding
2020-11-10 14:12:00,958 pattern matching
2020-11-10 14:12:01,014 spell checking and correction
2020-11-10 14:12:01,014 removed tail words
2020-11-10 14:12:01,014 word tokenization completed
2020-11-10 14:12:01,022 pattern finding
2020-11-10 14:12:01,360 spell checking and correction
2020-11-10 14:12:01,360 removed tail words
2020-11-10 14:12:01,360 word tokenization completed
2020-11-10 14:12:01,370 pattern finding
2020-11-10 14:12:01,427 spell checking and correction
2020-11-10 14:12:01,427 removed tail words
2020-11-10 14:12:01,427 word tokenization completed
2020-11-10 14:12:01,435 pattern finding
2020-11-10 14:12:01,492 spell checking and correction
2020-11-10 14:12:01,492 removed tail words
2020-11-10 14:12:01,492 word tokenization completed
2020-11-10 14:12:01,501 pattern finding
2020-11-10 14:12:01,558 spell checking and correction
2020-11-10 14:12:01,558 removed tail words
2020-11-10 14:12:01,558 word tokenization completed
2020-11-10 14:12:01,567 pattern finding
2020-11-10 14:12:01,628 spell checking and correction
2020-11-10 14:12:01,629 removed tail words
2020-11-10 14:12:01,629 word tokenization completed
2020-11-10 14:12:01,639 pattern finding
2020-11-10 14:12:01,645 pattern matching
2020-11-10 14:12:01,707 spell checking and correction
2020-11-10 14:12:01,708 removed tail words
2020-11-10 14:12:01,708 word tokenization completed
2020-11-10 14:12:01,716 pattern finding
2020-11-10 14:12:01,775 spell checking and correction
2020-11-10 14:12:01,775 removed tail words
2020-11-10 14:12:01,775 word tokenization completed
2020-11-10 14:12:01,784 pattern finding
2020-11-10 14:12:01,784 pattern matching
2020-11-10 14:12:01,842 spell checking and correction
2020-11-10 14:12:01,843 removed tail words
2020-11-10 14:12:01,843 word tokenization completed
2020-11-10 14:12:01,855 pattern finding
2020-11-10 14:12:01,912 spell checking and correction
2020-11-10 14:12:01,921 pattern finding
2020-11-10 14:12:02,384 spell checking and correction
2020-11-10 14:12:02,385 removed tail words
2020-11-10 14:12:02,385 word tokenization completed
2020-11-10 14:12:02,395 pattern finding
2020-11-10 14:12:02,455 spell checking and correction
2020-11-10 14:12:02,455 removed tail words
2020-11-10 14:12:02,455 word tokenization completed
2020-11-10 14:12:02,464 pattern finding
2020-11-10 14:12:02,464 pattern matching
2020-11-10 14:12:02,520 spell checking and correction
2020-11-10 14:12:02,520 removed tail words
2020-11-10 14:12:02,520 word tokenization completed
2020-11-10 14:12:02,529 pattern finding
2020-11-10 14:12:02,529 pattern matching
2020-11-10 14:12:02,529 removed tail words
2020-11-10 14:12:02,529 word tokenization completed
2020-11-10 14:12:02,537 pattern finding
2020-11-10 14:12:02,538 pattern matching
2020-11-10 14:12:02,593 spell checking and correction
2020-11-10 14:12:02,594 removed tail words
2020-11-10 14:12:02,594 word tokenization completed
2020-11-10 14:12:02,603 pattern finding
2020-11-10 14:12:02,663 spell checking and correction
2020-11-10 14:12:02,663 removed tail words
2020-11-10 14:12:02,663 word tokenization completed
2020-11-10 14:12:02,675 pattern finding
2020-11-10 14:12:02,675 pattern matching
2020-11-10 14:12:02,738 spell checking and correction
2020-11-10 14:12:02,739 removed tail words
2020-11-10 14:12:02,739 word tokenization completed
2020-11-10 14:12:02,750 pattern finding
2020-11-10 14:12:03,221 spell checking and correction
2020-11-10 14:12:03,222 removed tail words
2020-11-10 14:12:03,222 word tokenization completed
2020-11-10 14:12:03,230 pattern finding
2020-11-10 14:12:03,573 spell checking and correction
2020-11-10 14:12:03,574 removed tail words
2020-11-10 14:12:03,574 word tokenization completed
2020-11-10 14:12:03,582 pattern finding
2020-11-10 14:12:03,641 spell checking and correction
2020-11-10 14:12:03,641 removed tail words
2020-11-10 14:12:03,641 word tokenization completed
2020-11-10 14:12:03,649 pattern finding
2020-11-10 14:12:04,330 spell checking and correction
2020-11-10 14:12:04,330 removed tail words
2020-11-10 14:12:04,330 word tokenization completed
2020-11-10 14:12:04,338 pattern finding
2020-11-10 14:12:04,339 pattern matching
2020-11-10 14:12:04,398 spell checking and correction
2020-11-10 14:12:04,398 removed tail words
2020-11-10 14:12:04,398 word tokenization completed
2020-11-10 14:12:04,407 pattern finding
2020-11-10 14:12:05,316 spell checking and correction
2020-11-10 14:12:05,316 removed tail words
2020-11-10 14:12:05,316 word tokenization completed
2020-11-10 14:12:05,325 pattern finding
2020-11-10 14:12:05,325 pattern matching
2020-11-10 14:12:05,384 spell checking and correction
2020-11-10 14:12:05,384 removed tail words
2020-11-10 14:12:05,385 word tokenization completed
2020-11-10 14:12:05,394 pattern finding
2020-11-10 14:12:05,452 spell checking and correction
2020-11-10 14:12:05,452 removed tail words
2020-11-10 14:12:05,452 word tokenization completed
2020-11-10 14:12:05,461 pattern finding
2020-11-10 14:12:06,198 spell checking and correction
2020-11-10 14:12:06,198 removed tail words
2020-11-10 14:12:06,198 word tokenization completed
2020-11-10 14:12:06,207 pattern finding
2020-11-10 14:12:06,663 spell checking and correction
2020-11-10 14:12:06,664 removed tail words
2020-11-10 14:12:06,664 word tokenization completed
2020-11-10 14:12:06,673 pattern finding
2020-11-10 14:12:06,674 pattern matching
2020-11-10 14:12:06,730 spell checking and correction
2020-11-10 14:12:06,730 removed tail words
2020-11-10 14:12:06,730 word tokenization completed
2020-11-10 14:12:06,744 pattern finding
2020-11-10 14:12:06,745 pattern matching
2020-11-10 14:12:06,802 spell checking and correction
2020-11-10 14:12:06,802 removed tail words
2020-11-10 14:12:06,802 word tokenization completed
2020-11-10 14:12:06,811 pattern finding
2020-11-10 14:12:06,871 spell checking and correction
2020-11-10 14:12:06,871 removed tail words
2020-11-10 14:12:06,872 word tokenization completed
2020-11-10 14:12:06,881 pattern finding
2020-11-10 14:12:06,881 pattern matching
2020-11-10 14:12:06,943 spell checking and correction
2020-11-10 14:12:06,943 removed tail words
2020-11-10 14:12:06,943 word tokenization completed
2020-11-10 14:12:06,952 pattern finding
2020-11-10 14:12:07,897 spell checking and correction
2020-11-10 14:12:07,897 removed tail words
2020-11-10 14:12:07,897 word tokenization completed
2020-11-10 14:12:07,906 pattern finding
2020-11-10 14:12:08,149 spell checking and correction
2020-11-10 14:12:08,150 removed tail words
2020-11-10 14:12:08,150 word tokenization completed
2020-11-10 14:12:08,158 pattern finding
2020-11-10 14:12:08,669 spell checking and correction
2020-11-10 14:12:08,669 removed tail words
2020-11-10 14:12:08,669 word tokenization completed
2020-11-10 14:12:08,678 pattern finding
2020-11-10 14:12:09,322 spell checking and correction
2020-11-10 14:12:09,332 pattern finding
2020-11-10 14:12:09,719 spell checking and correction
2020-11-10 14:12:09,719 removed tail words
2020-11-10 14:12:09,719 word tokenization completed
2020-11-10 14:12:09,728 pattern finding
2020-11-10 14:12:10,239 spell checking and correction
2020-11-10 14:12:10,239 removed tail words
2020-11-10 14:12:10,239 word tokenization completed
2020-11-10 14:12:10,248 pattern finding
2020-11-10 14:12:10,734 spell checking and correction
2020-11-10 14:12:10,734 removed tail words
2020-11-10 14:12:10,734 word tokenization completed
2020-11-10 14:12:10,744 pattern finding
2020-11-10 14:12:10,745 pattern matching
2020-11-10 14:12:10,810 spell checking and correction
2020-11-10 14:12:10,810 removed tail words
2020-11-10 14:12:10,810 word tokenization completed
2020-11-10 14:12:10,819 pattern finding
2020-11-10 14:12:10,819 pattern matching
2020-11-10 14:12:10,882 spell checking and correction
2020-11-10 14:12:10,882 removed tail words
2020-11-10 14:12:10,883 word tokenization completed
2020-11-10 14:12:10,891 pattern finding
2020-11-10 14:12:11,096 spell checking and correction
2020-11-10 14:12:11,096 removed tail words
2020-11-10 14:12:11,096 word tokenization completed
2020-11-10 14:12:11,105 pattern finding
2020-11-10 14:12:11,169 spell checking and correction
2020-11-10 14:12:11,169 removed tail words
2020-11-10 14:12:11,169 word tokenization completed
2020-11-10 14:12:11,179 pattern finding
2020-11-10 14:12:11,822 spell checking and correction
2020-11-10 14:12:11,830 pattern finding
2020-11-10 14:12:11,893 spell checking and correction
2020-11-10 14:12:11,893 removed tail words
2020-11-10 14:12:11,893 word tokenization completed
2020-11-10 14:12:11,902 pattern finding
2020-11-10 14:12:11,966 spell checking and correction
2020-11-10 14:12:11,966 removed tail words
2020-11-10 14:12:11,966 word tokenization completed
2020-11-10 14:12:11,976 pattern finding
2020-11-10 14:12:12,037 spell checking and correction
2020-11-10 14:12:12,047 pattern finding
2020-11-10 14:12:12,047 pattern matching
2020-11-10 14:12:12,107 spell checking and correction
2020-11-10 14:12:12,108 removed tail words
2020-11-10 14:12:12,108 word tokenization completed
2020-11-10 14:12:12,116 pattern finding
2020-11-10 14:12:12,618 spell checking and correction
2020-11-10 14:12:12,618 removed tail words
2020-11-10 14:12:12,618 word tokenization completed
2020-11-10 14:12:12,627 pattern finding
2020-11-10 14:12:13,433 spell checking and correction
2020-11-10 14:12:13,433 removed tail words
2020-11-10 14:12:13,433 word tokenization completed
2020-11-10 14:12:13,443 pattern finding
2020-11-10 14:12:13,501 spell checking and correction
2020-11-10 14:12:13,510 pattern finding
2020-11-10 14:12:13,765 spell checking and correction
2020-11-10 14:12:13,766 removed tail words
2020-11-10 14:12:13,766 word tokenization completed
2020-11-10 14:12:13,774 pattern finding
2020-11-10 14:12:13,842 spell checking and correction
2020-11-10 14:12:13,842 removed tail words
2020-11-10 14:12:13,842 word tokenization completed
2020-11-10 14:12:13,851 pattern finding
2020-11-10 14:12:14,527 spell checking and correction
2020-11-10 14:12:14,527 removed tail words
2020-11-10 14:12:14,527 word tokenization completed
2020-11-10 14:12:14,536 pattern finding
2020-11-10 14:12:14,596 spell checking and correction
2020-11-10 14:12:14,597 removed tail words
2020-11-10 14:12:14,597 word tokenization completed
2020-11-10 14:12:14,606 pattern finding
2020-11-10 14:12:14,918 spell checking and correction
2020-11-10 14:12:14,927 pattern finding
2020-11-10 14:12:15,090 spell checking and correction
2020-11-10 14:12:15,091 removed tail words
2020-11-10 14:12:15,091 word tokenization completed
2020-11-10 14:12:15,101 pattern finding
2020-11-10 14:12:15,718 spell checking and correction
2020-11-10 14:12:15,718 removed tail words
2020-11-10 14:12:15,718 word tokenization completed
2020-11-10 14:12:15,728 pattern finding
2020-11-10 14:12:16,509 spell checking and correction
2020-11-10 14:12:16,509 removed tail words
2020-11-10 14:12:16,509 word tokenization completed
2020-11-10 14:12:16,518 pattern finding
2020-11-10 14:12:16,809 spell checking and correction
2020-11-10 14:12:16,809 removed tail words
2020-11-10 14:12:16,809 word tokenization completed
2020-11-10 14:12:16,818 pattern finding
2020-11-10 14:12:17,010 spell checking and correction
2020-11-10 14:12:17,018 pattern finding
2020-11-10 14:12:17,205 spell checking and correction
2020-11-10 14:12:17,205 removed tail words
2020-11-10 14:12:17,205 word tokenization completed
2020-11-10 14:12:17,214 pattern finding
2020-11-10 14:12:17,632 spell checking and correction
2020-11-10 14:12:17,633 removed tail words
2020-11-10 14:12:17,633 word tokenization completed
2020-11-10 14:12:17,642 pattern finding
2020-11-10 14:12:17,642 pattern matching
2020-11-10 14:12:17,702 spell checking and correction
2020-11-10 14:12:17,702 removed tail words
2020-11-10 14:12:17,702 word tokenization completed
2020-11-10 14:12:17,711 pattern finding
2020-11-10 14:12:17,711 pattern matching
2020-11-10 14:12:17,770 spell checking and correction
2020-11-10 14:12:17,770 removed tail words
2020-11-10 14:12:17,770 word tokenization completed
2020-11-10 14:12:17,779 pattern finding
2020-11-10 14:12:18,414 spell checking and correction
2020-11-10 14:12:18,414 removed tail words
2020-11-10 14:12:18,414 word tokenization completed
2020-11-10 14:12:18,423 pattern finding
2020-11-10 14:12:19,026 spell checking and correction
2020-11-10 14:12:19,026 removed tail words
2020-11-10 14:12:19,026 word tokenization completed
2020-11-10 14:12:19,035 pattern finding
2020-11-10 14:12:19,560 spell checking and correction
2020-11-10 14:12:19,560 removed tail words
2020-11-10 14:12:19,560 word tokenization completed
2020-11-10 14:12:19,569 pattern finding
2020-11-10 14:12:19,757 spell checking and correction
2020-11-10 14:12:19,758 removed tail words
2020-11-10 14:12:19,758 word tokenization completed
2020-11-10 14:12:19,767 pattern finding
2020-11-10 14:12:19,767 pattern matching
2020-11-10 14:12:19,827 spell checking and correction
2020-11-10 14:12:19,827 removed tail words
2020-11-10 14:12:19,827 word tokenization completed
2020-11-10 14:12:19,836 pattern finding
2020-11-10 14:12:19,896 spell checking and correction
2020-11-10 14:12:19,896 removed tail words
2020-11-10 14:12:19,896 word tokenization completed
2020-11-10 14:12:19,905 pattern finding
2020-11-10 14:12:19,970 spell checking and correction
2020-11-10 14:12:19,970 removed tail words
2020-11-10 14:12:19,970 word tokenization completed
2020-11-10 14:12:19,979 pattern finding
2020-11-10 14:12:19,979 pattern matching
2020-11-10 14:12:20,037 spell checking and correction
2020-11-10 14:12:20,037 removed tail words
2020-11-10 14:12:20,037 word tokenization completed
2020-11-10 14:12:20,046 pattern finding
2020-11-10 14:12:20,047 pattern matching
2020-11-10 14:12:20,104 spell checking and correction
2020-11-10 14:12:20,105 removed tail words
2020-11-10 14:12:20,105 word tokenization completed
2020-11-10 14:12:20,113 pattern finding
2020-11-10 14:12:20,172 spell checking and correction
2020-11-10 14:12:20,172 removed tail words
2020-11-10 14:12:20,172 word tokenization completed
2020-11-10 14:12:20,181 pattern finding
2020-11-10 14:12:20,642 spell checking and correction
2020-11-10 14:12:20,642 removed tail words
2020-11-10 14:12:20,642 word tokenization completed
2020-11-10 14:12:20,652 pattern finding
2020-11-10 14:12:20,995 spell checking and correction
